<?xml version="1.0" encoding="UTF-8"?>
<!-- Generated by org.testng.reporters.JUnitReportReporter -->
<testsuite hostname="Pranith" failures="0" tests="2" name="com.AutoIt.OrangeHRMProfilePic" time="34.702" errors="0" timestamp="2022-04-14T15:33:28 IST" skipped="0">
  <testcase classname="com.AutoIt.OrangeHRMProfilePic" name="logIn" time="0.276"/>
  <system-out/>
  <testcase classname="com.AutoIt.OrangeHRMProfilePic" name="Registration" time="34.426"/>
  <system-out/>
</testsuite> <!-- com.AutoIt.OrangeHRMProfilePic -->
