<?xml version="1.0" encoding="UTF-8"?>
<!-- Generated by org.testng.reporters.JUnitReportReporter -->
<testsuite hostname="Pranith" failures="0" tests="2" name="com.GRID.DataProviderGrid" time="36.002" errors="0" timestamp="2022-04-12T18:58:06 IST" skipped="0">
  <testcase classname="com.GRID.DataProviderGrid" name="LogInTest" time="19.725"/>
  <system-out/>
  <testcase classname="com.GRID.DataProviderGrid" name="LogInTest" time="16.277"/>
  <system-out/>
</testsuite> <!-- com.GRID.DataProviderGrid -->
