<?xml version="1.0" encoding="UTF-8"?>
<!-- Generated by org.testng.reporters.JUnitReportReporter -->
<testsuite hostname="Pranith" failures="0" tests="2" name="com.GRID.OrangeHRMLogInTest" time="44.000" errors="0" timestamp="2022-04-12T18:10:16 IST" skipped="0">
  <testcase classname="com.GRID.OrangeHRMLogInTest" name="LogIn" time="29.656"/>
  <system-out/>
  <testcase classname="com.GRID.OrangeHRMLogInTest" name="LogIn" time="14.344"/>
  <system-out/>
</testsuite> <!-- com.GRID.OrangeHRMLogInTest -->
