<?xml version="1.0" encoding="UTF-8"?>
<!-- Generated by org.testng.reporters.JUnitReportReporter -->
<testsuite hostname="Pranith" failures="0" tests="1" name="com.GRIDtesting.ChromeTesting" time="5.382" errors="0" timestamp="2022-04-12T18:16:21 IST" skipped="0">
  <testcase classname="com.GRIDtesting.ChromeTesting" name="Test1" time="5.382"/>
  <system-out/>
</testsuite> <!-- com.GRIDtesting.ChromeTesting -->
