<?xml version="1.0" encoding="UTF-8"?>
<!-- Generated by org.testng.reporters.JUnitReportReporter -->
<testsuite hostname="Pranith" failures="0" tests="1" name="com.GRIDtesting.FirefoxTesting" time="15.867" errors="0" timestamp="2022-04-07T11:31:36 IST" skipped="0">
  <testcase classname="com.GRIDtesting.FirefoxTesting" name="Test1" time="15.867"/>
  <system-out/>
</testsuite> <!-- com.GRIDtesting.FirefoxTesting -->
