<?xml version="1.0" encoding="UTF-8"?>
<!-- Generated by org.testng.reporters.JUnitReportReporter -->
<testsuite hostname="Pranith" failures="0" tests="1" name="com.Database.Login" time="5.438" errors="0" timestamp="2022-04-13T15:41:43 IST" skipped="0">
  <testcase classname="com.Database.Login" name="login" time="5.438"/>
  <system-out/>
</testsuite> <!-- com.Database.Login -->
