<?xml version="1.0" encoding="UTF-8"?>
<!-- Generated by org.testng.reporters.JUnitReportReporter -->
<testsuite hostname="Pranith" failures="0" tests="5" name="com.POM.OrangeHRMHomePageTesting" time="32.829" errors="0" timestamp="2022-04-01T02:17:38 IST" skipped="0">
  <testcase classname="com.POM.OrangeHRMHomePageTesting" name="HomePage" time="9.202"/>
  <system-out/>
  <testcase classname="com.POM.OrangeHRMHomePageTesting" name="Youtube" time="3.828"/>
  <system-out/>
  <testcase classname="com.POM.OrangeHRMHomePageTesting" name="LinkedIn" time="6.662"/>
  <system-out/>
  <testcase classname="com.POM.OrangeHRMHomePageTesting" name="Twitter" time="6.628"/>
  <system-out/>
  <testcase classname="com.POM.OrangeHRMHomePageTesting" name="Facebook" time="6.509"/>
  <system-out/>
</testsuite> <!-- com.POM.OrangeHRMHomePageTesting -->
