<?xml version="1.0" encoding="UTF-8"?>
<!-- Generated by org.testng.reporters.JUnitReportReporter -->
<testsuite hostname="Pranith" failures="0" tests="1" name="com.OrangeHRM.LogInTest" time="5.395" errors="0" timestamp="2022-04-11T13:29:41 IST" skipped="0">
  <testcase classname="com.OrangeHRM.LogInTest" name="logIn" time="5.395"/>
  <system-out/>
</testsuite> <!-- com.OrangeHRM.LogInTest -->
