<?xml version="1.0" encoding="UTF-8"?>
<!-- Generated by org.testng.reporters.JUnitReportReporter -->
<testsuite hostname="Pranith" failures="0" tests="1" name="com.RadioButtonTest.RadioButtonTest" time="2.146" errors="0" timestamp="2022-03-29T21:19:31 IST" skipped="0">
  <testcase classname="com.RadioButtonTest.RadioButtonTest" name="radioButtonTest" time="2.146"/>
  <system-out/>
</testsuite> <!-- com.RadioButtonTest.RadioButtonTest -->
