<?xml version="1.0" encoding="UTF-8"?>
<!-- Generated by org.testng.reporters.JUnitReportReporter -->
<testsuite hostname="Pranith" failures="0" tests="2" name="com.TestNGAnnotations.Annotation2" time="0.010" errors="0" timestamp="2022-03-27T22:42:39 IST" skipped="1">
  <testcase classname="com.TestNGAnnotations.Annotation2" name="logIn" time="0.010"/>
  <system-out/>
  <testcase classname="com.TestNGAnnotations.Annotation2" name="composeMail">
    <skipped/>
  </testcase> <!-- composeMail -->
  <system-out/>
</testsuite> <!-- com.TestNGAnnotations.Annotation2 -->
