<?xml version="1.0" encoding="UTF-8"?>
<!-- Generated by org.testng.reporters.JUnitReportReporter -->
<testsuite hostname="Pranith" failures="0" tests="1" name="com.TestNGAnnotations.Annotation3" time="0.019" errors="0" timestamp="2022-03-27T22:48:48 IST" skipped="0">
  <testcase classname="com.TestNGAnnotations.Annotation3" name="composeMail" time="0.019"/>
  <system-out/>
</testsuite> <!-- com.TestNGAnnotations.Annotation3 -->
