<?xml version="1.0" encoding="UTF-8"?>
<!-- Generated by org.testng.reporters.JUnitReportReporter -->
<testsuite hostname="Pranith" failures="0" tests="4" name="com.TestNGAnnotations.Annotation1" time="0.067" errors="0" timestamp="2022-03-27T22:24:52 IST" skipped="0">
  <testcase classname="com.TestNGAnnotations.Annotation1" name="draft" time="0.018"/>
  <system-out/>
  <testcase classname="com.TestNGAnnotations.Annotation1" name="applicationLaunch" time="0.007"/>
  <system-out/>
  <testcase classname="com.TestNGAnnotations.Annotation1" name="LogIn" time="0.006"/>
  <system-out/>
  <testcase classname="com.TestNGAnnotations.Annotation1" name="composeMail" time="0.036"/>
  <system-out/>
</testsuite> <!-- com.TestNGAnnotations.Annotation1 -->
