<?xml version="1.0" encoding="UTF-8"?>
<!-- Generated by org.testng.reporters.JUnitReportReporter -->
<testsuite hostname="Pranith" failures="0" tests="1" name="com.TestNGOrangeHRM.LogInFunctionalityTest" time="3.215" errors="0" timestamp="2022-03-27T23:47:52 IST" skipped="0">
  <testcase classname="com.TestNGOrangeHRM.LogInFunctionalityTest" name="logInFunctionality" time="3.215"/>
  <system-out/>
</testsuite> <!-- com.TestNGOrangeHRM.LogInFunctionalityTest -->
