<?xml version="1.0" encoding="UTF-8"?>
<!-- Generated by org.testng.reporters.JUnitReportReporter -->
<testsuite hostname="Pranith" failures="0" tests="1" name="com.HybridApproach.OrangeHRMLogInHybridApproach" time="34.180" errors="0" timestamp="2022-03-29T02:27:47 IST" skipped="0">
  <testcase classname="com.HybridApproach.OrangeHRMLogInHybridApproach" name="LogInTest" time="34.180"/>
  <system-out/>
</testsuite> <!-- com.HybridApproach.OrangeHRMLogInHybridApproach -->
