<?xml version="1.0" encoding="UTF-8"?>
<!-- Generated by org.testng.reporters.JUnitReportReporter -->
<testsuite hostname="Pranith" failures="0" tests="1" name="com.OrangeHRM.LogInTest.LogIn" time="4.987" errors="0" timestamp="2022-04-11T12:54:33 IST" skipped="0">
  <testcase classname="com.OrangeHRM.LogInTest.LogIn" name="logIn" time="4.987"/>
  <system-out/>
</testsuite> <!-- com.OrangeHRM.LogInTest.LogIn -->
